cannot read domtblout file

------------------------------------------------------------
Sender: LSF System <lsf@hx-noah-06-05>
Subject: Job 8358884: <272622> in cluster <EBI> Exited

Job <272622> was submitted from host <ebi-cli-001> by user <ndr> in cluster <EBI>.
Job was executed on host(s) <hx-noah-06-05>, in queue <research-rh7>, as user <ndr> in cluster <EBI>.
</homes/ndr> was used as the home directory.
</nfs/nobackup/interpro/ndr/genome-properties/data/genomes/gp_calculation/523841> was used as the working directory.
Started at Thu Aug 10 15:29:03 2017
Results reported at Thu Aug 10 15:29:04 2017

Your job looked like:

------------------------------------------------------------
# LSBATCH: User input
/nfs/nobackup/interpro/ndr/genome-properties/code/genome_properties_JCVI/genome_properties.pl -seqs /nfs/nobackup/interpro/ndr/genome-properties/data/genomes/fasta/272622.fasta -all -name 272622 -eval_order /nfs/nobackup/interpro/ndr/genome-properties/data/evaluation_order

------------------------------------------------------------

Exited with exit code 2.

Resource usage summary:

    CPU time :               0.16 sec.
    Total Requested Memory : 1000.00 MB
    Delta Memory :           -
    (Delta: the difference between total requested memory and actual max usage.)

The output (if any) is above this job summary.

