	this step has no evidence
	this step has no evidence
	this step has no evidence
	this step has no evidence
	this step has no evidence
	this step has no evidence
Use of uninitialized value in concatenation (.) or string at /nfs/nobackup/interpro/ndr/genome-properties/code/genome_properties_JCVI/genome_properties.pl line 470.
	this step has no evidence
	this step has no evidence
Use of uninitialized value in concatenation (.) or string at /nfs/nobackup/interpro/ndr/genome-properties/code/genome_properties_JCVI/genome_properties.pl line 470.
Use of uninitialized value in concatenation (.) or string at /nfs/nobackup/interpro/ndr/genome-properties/code/genome_properties_JCVI/genome_properties.pl line 470.
	this step has no evidence
	this step has no evidence
	this step has no evidence
	this step has no evidence
	this step has no evidence
Use of uninitialized value in concatenation (.) or string at /nfs/nobackup/interpro/ndr/genome-properties/code/genome_properties_JCVI/genome_properties.pl line 470.
	this step has no evidence
	this step has no evidence
Use of uninitialized value in concatenation (.) or string at /nfs/nobackup/interpro/ndr/genome-properties/code/genome_properties_JCVI/genome_properties.pl line 470.
Use of uninitialized value in concatenation (.) or string at /nfs/nobackup/interpro/ndr/genome-properties/code/genome_properties_JCVI/genome_properties.pl line 470.
Use of uninitialized value in concatenation (.) or string at /nfs/nobackup/interpro/ndr/genome-properties/code/genome_properties_JCVI/genome_properties.pl line 470.
	this step has no evidence
	this step has no evidence
	this step has no evidence
	this step has no evidence
	this step has no evidence
	this step has no evidence
	this step has no evidence
	this step has no evidence
	this step has no evidence
	this step has no evidence
Use of uninitialized value in concatenation (.) or string at /nfs/nobackup/interpro/ndr/genome-properties/code/genome_properties_JCVI/genome_properties.pl line 470.
	this step has no evidence
	this step has no evidence
Use of uninitialized value in concatenation (.) or string at /nfs/nobackup/interpro/ndr/genome-properties/code/genome_properties_JCVI/genome_properties.pl line 470.
Use of uninitialized value in concatenation (.) or string at /nfs/nobackup/interpro/ndr/genome-properties/code/genome_properties_JCVI/genome_properties.pl line 470.
	this step has no evidence
	this step has no evidence
Use of uninitialized value in concatenation (.) or string at /nfs/nobackup/interpro/ndr/genome-properties/code/genome_properties_JCVI/genome_properties.pl line 470.
Use of uninitialized value in concatenation (.) or string at /nfs/nobackup/interpro/ndr/genome-properties/code/genome_properties_JCVI/genome_properties.pl line 470.
	this step has no evidence
	this step has no evidence
	this step has no evidence
	this step has no evidence
	this step has no evidence
	this step has no evidence
	this step has no evidence
	this step has no evidence
Use of uninitialized value in concatenation (.) or string at /nfs/nobackup/interpro/ndr/genome-properties/code/genome_properties_JCVI/genome_properties.pl line 470.
	this step has no evidence
	this step has no evidence
	this step has no evidence
Use of uninitialized value in concatenation (.) or string at /nfs/nobackup/interpro/ndr/genome-properties/code/genome_properties_JCVI/genome_properties.pl line 470.
	this step has no evidence
	this step has no evidence
	this step has no evidence
this step is dependent on non-existent genome property GenProp1105. Marking as absent.
	this step has no evidence
	this step has no evidence
	this step has no evidence
	this step has no evidence
	this step has no evidence
	this step has no evidence
	this step has no evidence
	this step has no evidence
	this step has no evidence
	this step has no evidence
	this step has no evidence
	this step has no evidence
	this step has no evidence
	this step has no evidence
	this step has no evidence
	this step has no evidence
	this step has no evidence
	this step has no evidence
	this step has no evidence
	this step has no evidence
	this step has no evidence
	this step has no evidence
	this step has no evidence
	this step has no evidence
	this step has no evidence
	this step has no evidence
	this step has no evidence
	this step has no evidence
	this step has no evidence
	this step has no evidence
	this step has no evidence
	this step has no evidence
	this step has no evidence
	this step has no evidence
	this step has no evidence
	this step has no evidence
	this step has no evidence
	this step has no evidence
Use of uninitialized value in concatenation (.) or string at /nfs/nobackup/interpro/ndr/genome-properties/code/genome_properties_JCVI/genome_properties.pl line 470.
	this step has no evidence
	this step has no evidence
	this step has no evidence
	this step has no evidence
Use of uninitialized value in concatenation (.) or string at /nfs/nobackup/interpro/ndr/genome-properties/code/genome_properties_JCVI/genome_properties.pl line 470.
	this step has no evidence
	this step has no evidence
	this step has no evidence
	this step has no evidence
	this step has no evidence
	this step has no evidence
	this step has no evidence
	this step has no evidence
	this step has no evidence
	this step has no evidence
	this step has no evidence
	this step has no evidence
	this step has no evidence
	this step has no evidence
	this step has no evidence
	this step has no evidence
	this step has no evidence
	this step has no evidence
	this step has no evidence
	this step has no evidence
	this step has no evidence
	this step has no evidence
	this step has no evidence
	this step has no evidence
	this step has no evidence
	this step has no evidence
	this step has no evidence
	this step has no evidence
	this step has no evidence
	this step has no evidence
	this step has no evidence
	this step has no evidence
	this step has no evidence
this step is dependent on non-existent genome property GenProp0278. Marking as absent.
	this step has no evidence
	this step has no evidence
	this step has no evidence
	this step has no evidence
	this step has no evidence
this step is dependent on non-existent genome property GenProp0887. Marking as absent.
	this step has no evidence
	this step has no evidence
	this step has no evidence
this step is dependent on non-existent genome property GenProp0924. Marking as absent.
	this step has no evidence
	this step has no evidence
	this step has no evidence
	this step has no evidence
	this step has no evidence
	this step has no evidence
	this step has no evidence
	this step has no evidence
	this step has no evidence
	this step has no evidence
	this step has no evidence
	this step has no evidence
	this step has no evidence
this step is dependent on non-existent genome property GenProp0270. Marking as absent.
this step is dependent on non-existent genome property GenProp0284. Marking as absent.

------------------------------------------------------------
Sender: LSF System <lsf@ebi6-038>
Subject: Job 4128068: <706587> in cluster <EBI> Done

Job <706587> was submitted from host <ebi-cli-001> by user <ndr> in cluster <EBI>.
Job was executed on host(s) <ebi6-038>, in queue <research-rh7>, as user <ndr> in cluster <EBI>.
</homes/ndr> was used as the home directory.
</nfs/nobackup/interpro/ndr/genome-properties/data/genomes/gp_calculation/706587> was used as the working directory.
Started at Fri Jul 14 14:40:58 2017
Results reported at Fri Jul 14 15:38:55 2017

Your job looked like:

------------------------------------------------------------
# LSBATCH: User input
/nfs/nobackup/interpro/ndr/genome-properties/code/genome_properties_JCVI/genome_properties.pl -seqs /nfs/nobackup/interpro/ndr/genome-properties/data/genomes/fasta/706587.fasta -all -name 706587 -eval_order /nfs/nobackup/interpro/ndr/genome-properties/data/evaluation_order

------------------------------------------------------------

Successfully completed.

Resource usage summary:

    CPU time :               482.55 sec.
    Max Memory :             73 MB
    Average Memory :         19.80 MB
    Total Requested Memory : 1000.00 MB
    Delta Memory :           927.00 MB
    (Delta: the difference between total requested memory and actual max usage.)
    Max Swap :               718 MB

    Max Processes :          5
    Max Threads :            10

The output (if any) is above this job summary.

	this step has no evidence
	this step has no evidence
	this step has no evidence
	this step has no evidence
	this step has no evidence
	this step has no evidence
Use of uninitialized value in concatenation (.) or string at /nfs/nobackup/interpro/ndr/genome-properties/code/genome_properties_JCVI/genome_properties.pl line 470.
	this step has no evidence
	this step has no evidence
Use of uninitialized value in concatenation (.) or string at /nfs/nobackup/interpro/ndr/genome-properties/code/genome_properties_JCVI/genome_properties.pl line 470.
Use of uninitialized value in concatenation (.) or string at /nfs/nobackup/interpro/ndr/genome-properties/code/genome_properties_JCVI/genome_properties.pl line 470.
	this step has no evidence
	this step has no evidence
	this step has no evidence
	this step has no evidence
	this step has no evidence
Use of uninitialized value in concatenation (.) or string at /nfs/nobackup/interpro/ndr/genome-properties/code/genome_properties_JCVI/genome_properties.pl line 470.
	this step has no evidence
	this step has no evidence
Use of uninitialized value in concatenation (.) or string at /nfs/nobackup/interpro/ndr/genome-properties/code/genome_properties_JCVI/genome_properties.pl line 470.
Use of uninitialized value in concatenation (.) or string at /nfs/nobackup/interpro/ndr/genome-properties/code/genome_properties_JCVI/genome_properties.pl line 470.
Use of uninitialized value in concatenation (.) or string at /nfs/nobackup/interpro/ndr/genome-properties/code/genome_properties_JCVI/genome_properties.pl line 470.
	this step has no evidence
	this step has no evidence
	this step has no evidence
	this step has no evidence
	this step has no evidence
	this step has no evidence
	this step has no evidence
	this step has no evidence
	this step has no evidence
	this step has no evidence
Use of uninitialized value in concatenation (.) or string at /nfs/nobackup/interpro/ndr/genome-properties/code/genome_properties_JCVI/genome_properties.pl line 470.
	this step has no evidence
	this step has no evidence
Use of uninitialized value in concatenation (.) or string at /nfs/nobackup/interpro/ndr/genome-properties/code/genome_properties_JCVI/genome_properties.pl line 470.
Use of uninitialized value in concatenation (.) or string at /nfs/nobackup/interpro/ndr/genome-properties/code/genome_properties_JCVI/genome_properties.pl line 470.
	this step has no evidence
	this step has no evidence
Use of uninitialized value in concatenation (.) or string at /nfs/nobackup/interpro/ndr/genome-properties/code/genome_properties_JCVI/genome_properties.pl line 470.
Use of uninitialized value in concatenation (.) or string at /nfs/nobackup/interpro/ndr/genome-properties/code/genome_properties_JCVI/genome_properties.pl line 470.
	this step has no evidence
	this step has no evidence
	this step has no evidence
	this step has no evidence
	this step has no evidence
	this step has no evidence
	this step has no evidence
	this step has no evidence
Use of uninitialized value in concatenation (.) or string at /nfs/nobackup/interpro/ndr/genome-properties/code/genome_properties_JCVI/genome_properties.pl line 470.
	this step has no evidence
	this step has no evidence
	this step has no evidence
Use of uninitialized value in concatenation (.) or string at /nfs/nobackup/interpro/ndr/genome-properties/code/genome_properties_JCVI/genome_properties.pl line 470.
	this step has no evidence
	this step has no evidence
	this step has no evidence
this step is dependent on non-existent genome property GenProp1105. Marking as absent.
	this step has no evidence
	this step has no evidence
	this step has no evidence
	this step has no evidence
	this step has no evidence
	this step has no evidence
	this step has no evidence
	this step has no evidence
	this step has no evidence
	this step has no evidence
	this step has no evidence
	this step has no evidence
	this step has no evidence
	this step has no evidence
	this step has no evidence
	this step has no evidence
	this step has no evidence
	this step has no evidence
	this step has no evidence
	this step has no evidence
	this step has no evidence
	this step has no evidence
	this step has no evidence
	this step has no evidence
	this step has no evidence
	this step has no evidence
	this step has no evidence
	this step has no evidence
	this step has no evidence
	this step has no evidence
	this step has no evidence
	this step has no evidence
	this step has no evidence
	this step has no evidence
	this step has no evidence
	this step has no evidence
	this step has no evidence
	this step has no evidence
Use of uninitialized value in concatenation (.) or string at /nfs/nobackup/interpro/ndr/genome-properties/code/genome_properties_JCVI/genome_properties.pl line 470.
	this step has no evidence
	this step has no evidence
	this step has no evidence
	this step has no evidence
Use of uninitialized value in concatenation (.) or string at /nfs/nobackup/interpro/ndr/genome-properties/code/genome_properties_JCVI/genome_properties.pl line 470.
	this step has no evidence
	this step has no evidence
	this step has no evidence
	this step has no evidence
	this step has no evidence
	this step has no evidence
	this step has no evidence
	this step has no evidence
	this step has no evidence
	this step has no evidence
	this step has no evidence
	this step has no evidence
	this step has no evidence
	this step has no evidence
	this step has no evidence
	this step has no evidence
	this step has no evidence
	this step has no evidence
	this step has no evidence
	this step has no evidence
	this step has no evidence
	this step has no evidence
	this step has no evidence
	this step has no evidence
	this step has no evidence
	this step has no evidence
	this step has no evidence
	this step has no evidence
	this step has no evidence
	this step has no evidence
	this step has no evidence
	this step has no evidence
	this step has no evidence
this step is dependent on non-existent genome property GenProp0278. Marking as absent.
	this step has no evidence
	this step has no evidence
	this step has no evidence
	this step has no evidence
	this step has no evidence
this step is dependent on non-existent genome property GenProp0887. Marking as absent.
	this step has no evidence
	this step has no evidence
	this step has no evidence
this step is dependent on non-existent genome property GenProp0924. Marking as absent.
	this step has no evidence
	this step has no evidence
	this step has no evidence
	this step has no evidence
	this step has no evidence
	this step has no evidence
	this step has no evidence
	this step has no evidence
	this step has no evidence
	this step has no evidence
	this step has no evidence
	this step has no evidence
	this step has no evidence
this step is dependent on non-existent genome property GenProp0270. Marking as absent.
this step is dependent on non-existent genome property GenProp0284. Marking as absent.

------------------------------------------------------------
Sender: LSF System <lsf@ebi6-229>
Subject: Job 8358807: <706587> in cluster <EBI> Done

Job <706587> was submitted from host <ebi-cli-001> by user <ndr> in cluster <EBI>.
Job was executed on host(s) <ebi6-229>, in queue <research-rh7>, as user <ndr> in cluster <EBI>.
</homes/ndr> was used as the home directory.
</nfs/nobackup/interpro/ndr/genome-properties/data/genomes/gp_calculation/706587> was used as the working directory.
Started at Thu Aug 10 15:28:41 2017
Results reported at Thu Aug 10 15:38:40 2017

Your job looked like:

------------------------------------------------------------
# LSBATCH: User input
/nfs/nobackup/interpro/ndr/genome-properties/code/genome_properties_JCVI/genome_properties.pl -seqs /nfs/nobackup/interpro/ndr/genome-properties/data/genomes/fasta/706587.fasta -all -name 706587 -eval_order /nfs/nobackup/interpro/ndr/genome-properties/data/evaluation_order

------------------------------------------------------------

Successfully completed.

Resource usage summary:

    CPU time :               540.24 sec.
    Max Memory :             51 MB
    Average Memory :         24.74 MB
    Total Requested Memory : 1000.00 MB
    Delta Memory :           949.00 MB
    (Delta: the difference between total requested memory and actual max usage.)
    Max Swap :               713 MB

    Max Processes :          5
    Max Threads :            10

The output (if any) is above this job summary.

