	this step has no evidence
	this step has no evidence
	this step has no evidence
	this step has no evidence
	this step has no evidence
	this step has no evidence
Use of uninitialized value in concatenation (.) or string at /nfs/nobackup/interpro/ndr/genome-properties/code/genome_properties_JCVI/genome_properties.pl line 470.
	this step has no evidence
	this step has no evidence
Use of uninitialized value in concatenation (.) or string at /nfs/nobackup/interpro/ndr/genome-properties/code/genome_properties_JCVI/genome_properties.pl line 470.
Use of uninitialized value in concatenation (.) or string at /nfs/nobackup/interpro/ndr/genome-properties/code/genome_properties_JCVI/genome_properties.pl line 470.
	this step has no evidence
	this step has no evidence
	this step has no evidence
	this step has no evidence
	this step has no evidence
Use of uninitialized value in concatenation (.) or string at /nfs/nobackup/interpro/ndr/genome-properties/code/genome_properties_JCVI/genome_properties.pl line 470.
	this step has no evidence
	this step has no evidence
Use of uninitialized value in concatenation (.) or string at /nfs/nobackup/interpro/ndr/genome-properties/code/genome_properties_JCVI/genome_properties.pl line 470.
Use of uninitialized value in concatenation (.) or string at /nfs/nobackup/interpro/ndr/genome-properties/code/genome_properties_JCVI/genome_properties.pl line 470.
Use of uninitialized value in concatenation (.) or string at /nfs/nobackup/interpro/ndr/genome-properties/code/genome_properties_JCVI/genome_properties.pl line 470.
	this step has no evidence
	this step has no evidence
	this step has no evidence
	this step has no evidence
	this step has no evidence
	this step has no evidence
	this step has no evidence
	this step has no evidence
	this step has no evidence
	this step has no evidence
Use of uninitialized value in concatenation (.) or string at /nfs/nobackup/interpro/ndr/genome-properties/code/genome_properties_JCVI/genome_properties.pl line 470.
	this step has no evidence
	this step has no evidence
Use of uninitialized value in concatenation (.) or string at /nfs/nobackup/interpro/ndr/genome-properties/code/genome_properties_JCVI/genome_properties.pl line 470.
Use of uninitialized value in concatenation (.) or string at /nfs/nobackup/interpro/ndr/genome-properties/code/genome_properties_JCVI/genome_properties.pl line 470.
	this step has no evidence
	this step has no evidence
Use of uninitialized value in concatenation (.) or string at /nfs/nobackup/interpro/ndr/genome-properties/code/genome_properties_JCVI/genome_properties.pl line 470.
Use of uninitialized value in concatenation (.) or string at /nfs/nobackup/interpro/ndr/genome-properties/code/genome_properties_JCVI/genome_properties.pl line 470.
	this step has no evidence
	this step has no evidence
	this step has no evidence
	this step has no evidence
	this step has no evidence
	this step has no evidence
	this step has no evidence
	this step has no evidence
Use of uninitialized value in concatenation (.) or string at /nfs/nobackup/interpro/ndr/genome-properties/code/genome_properties_JCVI/genome_properties.pl line 470.
	this step has no evidence
	this step has no evidence
	this step has no evidence
Use of uninitialized value in concatenation (.) or string at /nfs/nobackup/interpro/ndr/genome-properties/code/genome_properties_JCVI/genome_properties.pl line 470.
	this step has no evidence
	this step has no evidence
	this step has no evidence
this step is dependent on non-existent genome property GenProp1105. Marking as absent.
	this step has no evidence
	this step has no evidence
	this step has no evidence
	this step has no evidence
	this step has no evidence
	this step has no evidence
	this step has no evidence
	this step has no evidence
	this step has no evidence
	this step has no evidence
	this step has no evidence
	this step has no evidence
	this step has no evidence
	this step has no evidence
	this step has no evidence
	this step has no evidence
	this step has no evidence
	this step has no evidence
	this step has no evidence
	this step has no evidence
	this step has no evidence
	this step has no evidence
	this step has no evidence
	this step has no evidence
	this step has no evidence
	this step has no evidence
	this step has no evidence
	this step has no evidence
	this step has no evidence
	this step has no evidence
	this step has no evidence
	this step has no evidence
	this step has no evidence
	this step has no evidence
	this step has no evidence
	this step has no evidence
	this step has no evidence
	this step has no evidence
Use of uninitialized value in concatenation (.) or string at /nfs/nobackup/interpro/ndr/genome-properties/code/genome_properties_JCVI/genome_properties.pl line 470.
	this step has no evidence
	this step has no evidence
	this step has no evidence
	this step has no evidence
Use of uninitialized value in concatenation (.) or string at /nfs/nobackup/interpro/ndr/genome-properties/code/genome_properties_JCVI/genome_properties.pl line 470.
	this step has no evidence
	this step has no evidence
	this step has no evidence
	this step has no evidence
	this step has no evidence
	this step has no evidence
	this step has no evidence
	this step has no evidence
	this step has no evidence
	this step has no evidence
	this step has no evidence
	this step has no evidence
	this step has no evidence
	this step has no evidence
	this step has no evidence
	this step has no evidence
	this step has no evidence
	this step has no evidence
	this step has no evidence
	this step has no evidence
	this step has no evidence
	this step has no evidence
	this step has no evidence
	this step has no evidence
	this step has no evidence
	this step has no evidence
	this step has no evidence
	this step has no evidence
	this step has no evidence
	this step has no evidence
	this step has no evidence
	this step has no evidence
	this step has no evidence
this step is dependent on non-existent genome property GenProp0278. Marking as absent.
	this step has no evidence
	this step has no evidence
	this step has no evidence
	this step has no evidence
	this step has no evidence
this step is dependent on non-existent genome property GenProp0887. Marking as absent.
	this step has no evidence
	this step has no evidence
	this step has no evidence
this step is dependent on non-existent genome property GenProp0924. Marking as absent.
	this step has no evidence
	this step has no evidence
	this step has no evidence
	this step has no evidence
	this step has no evidence
	this step has no evidence
	this step has no evidence
	this step has no evidence
	this step has no evidence
	this step has no evidence
	this step has no evidence
	this step has no evidence
	this step has no evidence
this step is dependent on non-existent genome property GenProp0270. Marking as absent.
this step is dependent on non-existent genome property GenProp0284. Marking as absent.

------------------------------------------------------------
Sender: LSF System <lsf@ebi6-015>
Subject: Job 4128098: <9606> in cluster <EBI> Done

Job <9606> was submitted from host <ebi-cli-001> by user <ndr> in cluster <EBI>.
Job was executed on host(s) <ebi6-015>, in queue <research-rh7>, as user <ndr> in cluster <EBI>.
</homes/ndr> was used as the home directory.
</nfs/nobackup/interpro/ndr/genome-properties/data/genomes/gp_calculation/9606> was used as the working directory.
Started at Fri Jul 14 14:41:12 2017
Results reported at Fri Jul 14 17:08:50 2017

Your job looked like:

------------------------------------------------------------
# LSBATCH: User input
/nfs/nobackup/interpro/ndr/genome-properties/code/genome_properties_JCVI/genome_properties.pl -seqs /nfs/nobackup/interpro/ndr/genome-properties/data/genomes/fasta/9606.fasta -all -name 9606 -eval_order /nfs/nobackup/interpro/ndr/genome-properties/data/evaluation_order

------------------------------------------------------------

Successfully completed.

Resource usage summary:

    CPU time :               6257.44 sec.
    Max Memory :             298 MB
    Average Memory :         38.98 MB
    Total Requested Memory : 1000.00 MB
    Delta Memory :           702.00 MB
    (Delta: the difference between total requested memory and actual max usage.)
    Max Swap :               1096 MB

    Max Processes :          5
    Max Threads :            10

The output (if any) is above this job summary.

	this step has no evidence
	this step has no evidence
	this step has no evidence
	this step has no evidence
	this step has no evidence
	this step has no evidence
Use of uninitialized value in concatenation (.) or string at /nfs/nobackup/interpro/ndr/genome-properties/code/genome_properties_JCVI/genome_properties.pl line 470.
	this step has no evidence
	this step has no evidence
Use of uninitialized value in concatenation (.) or string at /nfs/nobackup/interpro/ndr/genome-properties/code/genome_properties_JCVI/genome_properties.pl line 470.
Use of uninitialized value in concatenation (.) or string at /nfs/nobackup/interpro/ndr/genome-properties/code/genome_properties_JCVI/genome_properties.pl line 470.
	this step has no evidence
	this step has no evidence
	this step has no evidence
	this step has no evidence
	this step has no evidence
Use of uninitialized value in concatenation (.) or string at /nfs/nobackup/interpro/ndr/genome-properties/code/genome_properties_JCVI/genome_properties.pl line 470.
	this step has no evidence
	this step has no evidence
Use of uninitialized value in concatenation (.) or string at /nfs/nobackup/interpro/ndr/genome-properties/code/genome_properties_JCVI/genome_properties.pl line 470.
Use of uninitialized value in concatenation (.) or string at /nfs/nobackup/interpro/ndr/genome-properties/code/genome_properties_JCVI/genome_properties.pl line 470.
Use of uninitialized value in concatenation (.) or string at /nfs/nobackup/interpro/ndr/genome-properties/code/genome_properties_JCVI/genome_properties.pl line 470.
	this step has no evidence
	this step has no evidence
	this step has no evidence
	this step has no evidence
	this step has no evidence
	this step has no evidence
	this step has no evidence
	this step has no evidence
	this step has no evidence
	this step has no evidence
Use of uninitialized value in concatenation (.) or string at /nfs/nobackup/interpro/ndr/genome-properties/code/genome_properties_JCVI/genome_properties.pl line 470.
	this step has no evidence
	this step has no evidence
Use of uninitialized value in concatenation (.) or string at /nfs/nobackup/interpro/ndr/genome-properties/code/genome_properties_JCVI/genome_properties.pl line 470.
Use of uninitialized value in concatenation (.) or string at /nfs/nobackup/interpro/ndr/genome-properties/code/genome_properties_JCVI/genome_properties.pl line 470.
	this step has no evidence
	this step has no evidence
Use of uninitialized value in concatenation (.) or string at /nfs/nobackup/interpro/ndr/genome-properties/code/genome_properties_JCVI/genome_properties.pl line 470.
Use of uninitialized value in concatenation (.) or string at /nfs/nobackup/interpro/ndr/genome-properties/code/genome_properties_JCVI/genome_properties.pl line 470.
	this step has no evidence
	this step has no evidence
	this step has no evidence
	this step has no evidence
	this step has no evidence
	this step has no evidence
	this step has no evidence
	this step has no evidence
Use of uninitialized value in concatenation (.) or string at /nfs/nobackup/interpro/ndr/genome-properties/code/genome_properties_JCVI/genome_properties.pl line 470.
	this step has no evidence
	this step has no evidence
	this step has no evidence
Use of uninitialized value in concatenation (.) or string at /nfs/nobackup/interpro/ndr/genome-properties/code/genome_properties_JCVI/genome_properties.pl line 470.
	this step has no evidence
	this step has no evidence
	this step has no evidence
this step is dependent on non-existent genome property GenProp1105. Marking as absent.
	this step has no evidence
	this step has no evidence
	this step has no evidence
	this step has no evidence
	this step has no evidence
	this step has no evidence
	this step has no evidence
	this step has no evidence
	this step has no evidence
	this step has no evidence
	this step has no evidence
	this step has no evidence
	this step has no evidence
	this step has no evidence
	this step has no evidence
	this step has no evidence
	this step has no evidence
	this step has no evidence
	this step has no evidence
	this step has no evidence
	this step has no evidence
	this step has no evidence
	this step has no evidence
	this step has no evidence
	this step has no evidence
	this step has no evidence
	this step has no evidence
	this step has no evidence
	this step has no evidence
	this step has no evidence
	this step has no evidence
	this step has no evidence
	this step has no evidence
	this step has no evidence
	this step has no evidence
	this step has no evidence
	this step has no evidence
	this step has no evidence
Use of uninitialized value in concatenation (.) or string at /nfs/nobackup/interpro/ndr/genome-properties/code/genome_properties_JCVI/genome_properties.pl line 470.
	this step has no evidence
	this step has no evidence
	this step has no evidence
	this step has no evidence
Use of uninitialized value in concatenation (.) or string at /nfs/nobackup/interpro/ndr/genome-properties/code/genome_properties_JCVI/genome_properties.pl line 470.
	this step has no evidence
	this step has no evidence
	this step has no evidence
	this step has no evidence
	this step has no evidence
	this step has no evidence
	this step has no evidence
	this step has no evidence
	this step has no evidence
	this step has no evidence
	this step has no evidence
	this step has no evidence
	this step has no evidence
	this step has no evidence
	this step has no evidence
	this step has no evidence
	this step has no evidence
	this step has no evidence
	this step has no evidence
	this step has no evidence
	this step has no evidence
	this step has no evidence
	this step has no evidence
	this step has no evidence
	this step has no evidence
	this step has no evidence
	this step has no evidence
	this step has no evidence
	this step has no evidence
	this step has no evidence
	this step has no evidence
	this step has no evidence
	this step has no evidence
this step is dependent on non-existent genome property GenProp0278. Marking as absent.
	this step has no evidence
	this step has no evidence
	this step has no evidence
	this step has no evidence
	this step has no evidence
this step is dependent on non-existent genome property GenProp0887. Marking as absent.
	this step has no evidence
	this step has no evidence
	this step has no evidence
this step is dependent on non-existent genome property GenProp0924. Marking as absent.
	this step has no evidence
	this step has no evidence
	this step has no evidence
	this step has no evidence
	this step has no evidence
	this step has no evidence
	this step has no evidence
	this step has no evidence
	this step has no evidence
	this step has no evidence
	this step has no evidence
	this step has no evidence
	this step has no evidence
this step is dependent on non-existent genome property GenProp0270. Marking as absent.
this step is dependent on non-existent genome property GenProp0284. Marking as absent.

------------------------------------------------------------
Sender: LSF System <lsf@ebi5-041>
Subject: Job 8358844: <9606> in cluster <EBI> Done

Job <9606> was submitted from host <ebi-cli-001> by user <ndr> in cluster <EBI>.
Job was executed on host(s) <ebi5-041>, in queue <research-rh7>, as user <ndr> in cluster <EBI>.
</homes/ndr> was used as the home directory.
</nfs/nobackup/interpro/ndr/genome-properties/data/genomes/gp_calculation/9606> was used as the working directory.
Started at Thu Aug 10 15:28:49 2017
Results reported at Thu Aug 10 17:09:00 2017

Your job looked like:

------------------------------------------------------------
# LSBATCH: User input
/nfs/nobackup/interpro/ndr/genome-properties/code/genome_properties_JCVI/genome_properties.pl -seqs /nfs/nobackup/interpro/ndr/genome-properties/data/genomes/fasta/9606.fasta -all -name 9606 -eval_order /nfs/nobackup/interpro/ndr/genome-properties/data/evaluation_order

------------------------------------------------------------

Successfully completed.

Resource usage summary:

    CPU time :               5740.48 sec.
    Max Memory :             295 MB
    Average Memory :         47.72 MB
    Total Requested Memory : 1000.00 MB
    Delta Memory :           705.00 MB
    (Delta: the difference between total requested memory and actual max usage.)
    Max Swap :               1093 MB

    Max Processes :          7
    Max Threads :            10

The output (if any) is above this job summary.

