cannot read domtblout file

------------------------------------------------------------
Sender: LSF System <lsf@ebi5-035>
Subject: Job 8358816: <220668> in cluster <EBI> Exited

Job <220668> was submitted from host <ebi-cli-001> by user <ndr> in cluster <EBI>.
Job was executed on host(s) <ebi5-035>, in queue <research-rh7>, as user <ndr> in cluster <EBI>.
</homes/ndr> was used as the home directory.
</nfs/nobackup/interpro/ndr/genome-properties/data/genomes/gp_calculation/887700> was used as the working directory.
Started at Thu Aug 10 15:28:41 2017
Results reported at Thu Aug 10 15:28:41 2017

Your job looked like:

------------------------------------------------------------
# LSBATCH: User input
/nfs/nobackup/interpro/ndr/genome-properties/code/genome_properties_JCVI/genome_properties.pl -seqs /nfs/nobackup/interpro/ndr/genome-properties/data/genomes/fasta/220668.fasta -all -name 220668 -eval_order /nfs/nobackup/interpro/ndr/genome-properties/data/evaluation_order

------------------------------------------------------------

Exited with exit code 2.

Resource usage summary:

    CPU time :               0.14 sec.
    Total Requested Memory : 1000.00 MB
    Delta Memory :           -
    (Delta: the difference between total requested memory and actual max usage.)

The output (if any) is above this job summary.

