	this step has no evidence
	this step has no evidence
	this step has no evidence
	this step has no evidence
	this step has no evidence
	this step has no evidence
Use of uninitialized value in concatenation (.) or string at /nfs/nobackup/interpro/ndr/genome-properties/code/genome_properties_JCVI/genome_properties.pl line 470.
	this step has no evidence
	this step has no evidence
Use of uninitialized value in concatenation (.) or string at /nfs/nobackup/interpro/ndr/genome-properties/code/genome_properties_JCVI/genome_properties.pl line 470.
Use of uninitialized value in concatenation (.) or string at /nfs/nobackup/interpro/ndr/genome-properties/code/genome_properties_JCVI/genome_properties.pl line 470.
	this step has no evidence
	this step has no evidence
	this step has no evidence
	this step has no evidence
	this step has no evidence
Use of uninitialized value in concatenation (.) or string at /nfs/nobackup/interpro/ndr/genome-properties/code/genome_properties_JCVI/genome_properties.pl line 470.
	this step has no evidence
	this step has no evidence
Use of uninitialized value in concatenation (.) or string at /nfs/nobackup/interpro/ndr/genome-properties/code/genome_properties_JCVI/genome_properties.pl line 470.
Use of uninitialized value in concatenation (.) or string at /nfs/nobackup/interpro/ndr/genome-properties/code/genome_properties_JCVI/genome_properties.pl line 470.
Use of uninitialized value in concatenation (.) or string at /nfs/nobackup/interpro/ndr/genome-properties/code/genome_properties_JCVI/genome_properties.pl line 470.
	this step has no evidence
	this step has no evidence
	this step has no evidence
	this step has no evidence
	this step has no evidence
	this step has no evidence
	this step has no evidence
	this step has no evidence
	this step has no evidence
	this step has no evidence
Use of uninitialized value in concatenation (.) or string at /nfs/nobackup/interpro/ndr/genome-properties/code/genome_properties_JCVI/genome_properties.pl line 470.
	this step has no evidence
	this step has no evidence
Use of uninitialized value in concatenation (.) or string at /nfs/nobackup/interpro/ndr/genome-properties/code/genome_properties_JCVI/genome_properties.pl line 470.
Use of uninitialized value in concatenation (.) or string at /nfs/nobackup/interpro/ndr/genome-properties/code/genome_properties_JCVI/genome_properties.pl line 470.
	this step has no evidence
	this step has no evidence
Use of uninitialized value in concatenation (.) or string at /nfs/nobackup/interpro/ndr/genome-properties/code/genome_properties_JCVI/genome_properties.pl line 470.
Use of uninitialized value in concatenation (.) or string at /nfs/nobackup/interpro/ndr/genome-properties/code/genome_properties_JCVI/genome_properties.pl line 470.
	this step has no evidence
	this step has no evidence
	this step has no evidence
	this step has no evidence
	this step has no evidence
	this step has no evidence
	this step has no evidence
	this step has no evidence
Use of uninitialized value in concatenation (.) or string at /nfs/nobackup/interpro/ndr/genome-properties/code/genome_properties_JCVI/genome_properties.pl line 470.
	this step has no evidence
	this step has no evidence
	this step has no evidence
Use of uninitialized value in concatenation (.) or string at /nfs/nobackup/interpro/ndr/genome-properties/code/genome_properties_JCVI/genome_properties.pl line 470.
	this step has no evidence
	this step has no evidence
	this step has no evidence
this step is dependent on non-existent genome property GenProp1105. Marking as absent.
	this step has no evidence
	this step has no evidence
	this step has no evidence
	this step has no evidence
	this step has no evidence
	this step has no evidence
	this step has no evidence
	this step has no evidence
	this step has no evidence
	this step has no evidence
	this step has no evidence
	this step has no evidence
	this step has no evidence
	this step has no evidence
	this step has no evidence
	this step has no evidence
	this step has no evidence
	this step has no evidence
	this step has no evidence
	this step has no evidence
	this step has no evidence
	this step has no evidence
	this step has no evidence
	this step has no evidence
	this step has no evidence
	this step has no evidence
	this step has no evidence
	this step has no evidence
	this step has no evidence
	this step has no evidence
	this step has no evidence
	this step has no evidence
	this step has no evidence
	this step has no evidence
	this step has no evidence
	this step has no evidence
	this step has no evidence
	this step has no evidence
Use of uninitialized value in concatenation (.) or string at /nfs/nobackup/interpro/ndr/genome-properties/code/genome_properties_JCVI/genome_properties.pl line 470.
	this step has no evidence
	this step has no evidence
	this step has no evidence
	this step has no evidence
Use of uninitialized value in concatenation (.) or string at /nfs/nobackup/interpro/ndr/genome-properties/code/genome_properties_JCVI/genome_properties.pl line 470.
	this step has no evidence
	this step has no evidence
	this step has no evidence
	this step has no evidence
	this step has no evidence
	this step has no evidence
	this step has no evidence
	this step has no evidence
	this step has no evidence
	this step has no evidence
	this step has no evidence
	this step has no evidence
	this step has no evidence
	this step has no evidence
	this step has no evidence
	this step has no evidence
	this step has no evidence
	this step has no evidence
	this step has no evidence
	this step has no evidence
	this step has no evidence
	this step has no evidence
	this step has no evidence
	this step has no evidence
	this step has no evidence
	this step has no evidence
	this step has no evidence
	this step has no evidence
	this step has no evidence
	this step has no evidence
	this step has no evidence
	this step has no evidence
	this step has no evidence
this step is dependent on non-existent genome property GenProp0278. Marking as absent.
	this step has no evidence
	this step has no evidence
	this step has no evidence
	this step has no evidence
	this step has no evidence
this step is dependent on non-existent genome property GenProp0887. Marking as absent.
	this step has no evidence
	this step has no evidence
	this step has no evidence
this step is dependent on non-existent genome property GenProp0924. Marking as absent.
	this step has no evidence
	this step has no evidence
	this step has no evidence
	this step has no evidence
	this step has no evidence
	this step has no evidence
	this step has no evidence
	this step has no evidence
	this step has no evidence
	this step has no evidence
	this step has no evidence
	this step has no evidence
	this step has no evidence
this step is dependent on non-existent genome property GenProp0270. Marking as absent.
this step is dependent on non-existent genome property GenProp0284. Marking as absent.

------------------------------------------------------------
Sender: LSF System <lsf@ebi6-114>
Subject: Job 4128089: <242231> in cluster <EBI> Done

Job <242231> was submitted from host <ebi-cli-001> by user <ndr> in cluster <EBI>.
Job was executed on host(s) <ebi6-114>, in queue <research-rh7>, as user <ndr> in cluster <EBI>.
</homes/ndr> was used as the home directory.
</nfs/nobackup/interpro/ndr/genome-properties/data/genomes/gp_calculation/242231> was used as the working directory.
Started at Fri Jul 14 14:41:08 2017
Results reported at Fri Jul 14 14:47:47 2017

Your job looked like:

------------------------------------------------------------
# LSBATCH: User input
/nfs/nobackup/interpro/ndr/genome-properties/code/genome_properties_JCVI/genome_properties.pl -seqs /nfs/nobackup/interpro/ndr/genome-properties/data/genomes/fasta/242231.fasta -all -name 242231 -eval_order /nfs/nobackup/interpro/ndr/genome-properties/data/evaluation_order

------------------------------------------------------------

Successfully completed.

Resource usage summary:

    CPU time :               155.56 sec.
    Max Memory :             42 MB
    Average Memory :         17.73 MB
    Total Requested Memory : 1000.00 MB
    Delta Memory :           958.00 MB
    (Delta: the difference between total requested memory and actual max usage.)
    Max Swap :               613 MB

    Max Processes :          5
    Max Threads :            10

The output (if any) is above this job summary.

rm: cannot remove ‘GP_temporary_HMM.tmp’: No such file or directory
grep: GP_temporary_HMM.tmp: No such file or directory
cannot read domtblout file

------------------------------------------------------------
Sender: LSF System <lsf@ebi5-015>
Subject: Job 8358833: <242231> in cluster <EBI> Exited

Job <242231> was submitted from host <ebi-cli-001> by user <ndr> in cluster <EBI>.
Job was executed on host(s) <ebi5-015>, in queue <research-rh7>, as user <ndr> in cluster <EBI>.
</homes/ndr> was used as the home directory.
</nfs/nobackup/interpro/ndr/genome-properties/data/genomes/gp_calculation/242231> was used as the working directory.
Started at Thu Aug 10 15:28:45 2017
Results reported at Thu Aug 10 15:28:46 2017

Your job looked like:

------------------------------------------------------------
# LSBATCH: User input
/nfs/nobackup/interpro/ndr/genome-properties/code/genome_properties_JCVI/genome_properties.pl -seqs /nfs/nobackup/interpro/ndr/genome-properties/data/genomes/fasta/242231.fasta -all -name 242231 -eval_order /nfs/nobackup/interpro/ndr/genome-properties/data/evaluation_order

------------------------------------------------------------

Exited with exit code 2.

Resource usage summary:

    CPU time :               0.64 sec.
    Max Memory :             15 MB
    Average Memory :         15.00 MB
    Total Requested Memory : 1000.00 MB
    Delta Memory :           985.00 MB
    (Delta: the difference between total requested memory and actual max usage.)
    Max Swap :               379 MB

    Max Processes :          4
    Max Threads :            5

The output (if any) is above this job summary.

